<?xml version="1.0" encoding="UTF-8"?>
<!-- Generated by org.testng.reporters.JUnitReportReporter -->
<testsuite hostname="DESKTOP-D4BL7AK" failures="0" tests="2" name="Testcase.HomeTc" time="34.657" errors="0" timestamp="2024-08-25T15:52:30 ICT" skipped="0">
  <testcase classname="Testcase.HomeTc" name="Testcase2" time="18.010"/>
  <testcase classname="Testcase.HomeTc" name="Testcase1" time="16.647"/>
</testsuite> <!-- Testcase.HomeTc -->
