<?xml version="1.0" encoding="UTF-8"?>
<!-- Generated by org.testng.reporters.JUnitReportReporter -->
<testsuite hostname="DESKTOP-6CCDDVK" failures="0" tests="1" name="Testcase.HomeTc" time="40.269" errors="0" timestamp="2024-07-13T10:05:55 ICT" skipped="0">
  <testcase classname="Testcase.HomeTc" name="Testcase1" time="40.269"/>
</testsuite> <!-- Testcase.HomeTc -->
