<?xml version="1.0" encoding="UTF-8"?>
<!-- Generated by org.testng.reporters.JUnitReportReporter -->
<testsuite hostname="DESKTOP-6CCDDVK" failures="0" tests="1" name="Testcase.LoginTc" time="24.511" errors="0" timestamp="2024-06-12T20:24:10 ICT" skipped="0">
  <testcase classname="Testcase.LoginTc" name="Testcase1" time="24.511"/>
</testsuite> <!-- Testcase.LoginTc -->
